1679362371184	geckodriver	INFO	Listening on 127.0.0.1:54524
1679362374245	mozrunner::runner	INFO	Running command: "C:\\Program Files\\Mozilla Firefox\\firefox.exe" "--marionette" "--remote-debugging-port" "54525" "--remote-allow-hosts" "localhost" "-no-remote" "-profile" "C:\\Users\\LaVis\\AppData\\Local\\Temp\\rust_mozprofileXmFDwJ"
console.warn: services.settings: Ignoring preference override of remote settings server
console.warn: services.settings: Allow by setting MOZ_REMOTE_SETTINGS_DEVTOOLS=1 in the environment
1679362374697	Marionette	INFO	Marionette enabled
Dynamically enable window occlusion 0
1679362374705	Marionette	INFO	Listening on port 54532
Read port: 54532
WebDriver BiDi listening on ws://127.0.0.1:54525
1679362375035	RemoteAgent	WARN	TLS certificate errors will be ignored for this session
console.warn: SearchSettings: "get: No settings file exists, new profile?" (new NotFoundError("Could not open the file at C:\\Users\\LaVis\\AppData\\Local\\Temp\\rust_mozprofileXmFDwJ\\search.json.mozlz4", (void 0)))
DevTools listening on ws://127.0.0.1:54525/devtools/browser/a22624f1-e83e-4426-850f-d993770cc146
JavaScript warning: https://z.moatads.com/networknheader13924283968/moatheader.js, line 259: WEBGL_debug_renderer_info is deprecated in Firefox and will be removed. Please use RENDERER.
JavaScript warning: https://pagead2.googlesyndication.com/bg/n7KdSiWJFgbDLHajlxoGzrM9J1DJZleIE0kt7I04uFE.js line 2 > eval line 1522 > eval line 1 > eval line 1 > eval, line 1: WEBGL_debug_renderer_info is deprecated in Firefox and will be removed. Please use RENDERER.
JavaScript warning: https://pagead2.googlesyndication.com/bg/n7KdSiWJFgbDLHajlxoGzrM9J1DJZleIE0kt7I04uFE.js line 2 > eval line 2957 > eval line 1 > eval line 1 > eval, line 1: WEBGL_debug_renderer_info is deprecated in Firefox and will be removed. Please use RENDERER.
console.warn: LoginRecipes: "Falling back to a synchronous message for: https://www.serebii.net."
JavaScript warning: https://pagead2.googlesyndication.com/bg/n7KdSiWJFgbDLHajlxoGzrM9J1DJZleIE0kt7I04uFE.js line 2 > eval line 1980 > eval line 1 > eval line 1 > eval, line 1: WEBGL_debug_renderer_info is deprecated in Firefox and will be removed. Please use RENDERER.
JavaScript warning: https://www.google.com/js/th/mt3bjWXP6p0hid4nDliXOPxIfI5JPq9ZZRYTjhG38ko.js line 2 > eval line 4248 > eval line 1 > eval line 1 > eval, line 1: WEBGL_debug_renderer_info is deprecated in Firefox and will be removed. Please use RENDERER.
JavaScript error: , line 0: TypeError: NetworkError when attempting to fetch resource.
JavaScript warning: https://z.moatads.com/networknheader13924283968/moatheader.js, line 259: WEBGL_debug_renderer_info is deprecated in Firefox and will be removed. Please use RENDERER.
JavaScript error: , line 0: TypeError: NetworkError when attempting to fetch resource.
JavaScript warning: https://www.serebii.net/search.shtml?cx=018410473690156091934%3A6gahkiyodbi&cof=FORID%3A11&q=sowsow&sa=Search line 1 > injectedScript, line 1: WEBGL_debug_renderer_info is deprecated in Firefox and will be removed. Please use RENDERER.
JavaScript warning: https://pagead2.googlesyndication.com/bg/n7KdSiWJFgbDLHajlxoGzrM9J1DJZleIE0kt7I04uFE.js line 2 > eval line 1210 > eval line 1 > eval line 1 > eval, line 1: WEBGL_debug_renderer_info is deprecated in Firefox and will be removed. Please use RENDERER.
JavaScript warning: https://pagead2.googlesyndication.com/bg/n7KdSiWJFgbDLHajlxoGzrM9J1DJZleIE0kt7I04uFE.js line 2 > eval line 3425 > eval line 1 > eval line 1 > eval, line 1: WEBGL_debug_renderer_info is deprecated in Firefox and will be removed. Please use RENDERER.
JavaScript warning: https://z.moatads.com/networknheader13924283968/moatheader.js, line 259: WEBGL_debug_renderer_info is deprecated in Firefox and will be removed. Please use RENDERER.
JavaScript warning: https://www.serebii.net/card/dex/artist/sowsow.shtml line 1 > injectedScript, line 1: WEBGL_debug_renderer_info is deprecated in Firefox and will be removed. Please use RENDERER.
JavaScript warning: https://pagead2.googlesyndication.com/bg/n7KdSiWJFgbDLHajlxoGzrM9J1DJZleIE0kt7I04uFE.js line 2 > eval line 5118 > eval line 1 > eval line 1 > eval, line 1: WEBGL_debug_renderer_info is deprecated in Firefox and will be removed. Please use RENDERER.
JavaScript warning: https://pagead2.googlesyndication.com/bg/n7KdSiWJFgbDLHajlxoGzrM9J1DJZleIE0kt7I04uFE.js line 2 > eval line 7194 > eval line 1 > eval line 1 > eval, line 1: WEBGL_debug_renderer_info is deprecated in Firefox and will be removed. Please use RENDERER.
JavaScript warning: https://pagead2.googlesyndication.com/bg/n7KdSiWJFgbDLHajlxoGzrM9J1DJZleIE0kt7I04uFE.js line 2 > eval line 7232 > eval line 1 > eval line 1 > eval, line 1: WEBGL_debug_renderer_info is deprecated in Firefox and will be removed. Please use RENDERER.
JavaScript error: , line 0: TypeError: NetworkError when attempting to fetch resource.
JavaScript error: , line 0: TypeError: NetworkError when attempting to fetch resource.
JavaScript error: , line 0: TypeError: NetworkError when attempting to fetch resource.
JavaScript warning: https://www.serebii.net/card/dex/artist/sowsow.shtml line 1 > injectedScript, line 1: WEBGL_debug_renderer_info is deprecated in Firefox and will be removed. Please use RENDERER.
JavaScript warning: https://pagead2.googlesyndication.com/bg/n7KdSiWJFgbDLHajlxoGzrM9J1DJZleIE0kt7I04uFE.js line 2 > eval line 631 > eval line 1 > eval line 1 > eval, line 1: WEBGL_debug_renderer_info is deprecated in Firefox and will be removed. Please use RENDERER.
JavaScript error: , line 0: TypeError: NetworkError when attempting to fetch resource.
JavaScript error: , line 0: TypeError: NetworkError when attempting to fetch resource.
JavaScript warning: https://pagead2.googlesyndication.com/bg/n7KdSiWJFgbDLHajlxoGzrM9J1DJZleIE0kt7I04uFE.js line 2 > eval line 5222 > eval line 1 > eval line 1 > eval, line 1: WEBGL_debug_renderer_info is deprecated in Firefox and will be removed. Please use RENDERER.
JavaScript warning: https://pagead2.googlesyndication.com/bg/n7KdSiWJFgbDLHajlxoGzrM9J1DJZleIE0kt7I04uFE.js line 2 > eval line 6250 > eval line 1 > eval line 1 > eval, line 1: WEBGL_debug_renderer_info is deprecated in Firefox and will be removed. Please use RENDERER.
